<?xml version="1.0" encoding="UTF-8"?>
<testsuite xmlns:xsi="http://www.w3.org/2001/XMLSchema-instance" xsi:noNamespaceSchemaLocation="https://maven.apache.org/surefire/maven-surefire-plugin/xsd/surefire-test-report-3.0.xsd" version="3.0" name="matrix.assignment.MatrixMultiplicationTest" time="0.133" tests="5" errors="0" skipped="0" failures="0">
  <properties>
    <property name="gopherProxySet" value="false"/>
    <property name="awt.toolkit" value="sun.lwawt.macosx.LWCToolkit"/>
    <property name="java.specification.version" value="11"/>
    <property name="sun.cpu.isalist" value=""/>
    <property name="sun.jnu.encoding" value="UTF-8"/>
    <property name="java.class.path" value="/Users/lemanguluzada/Desktop/Assignment01-MatrixMultiplication/java-matrix-multiplication/target/test-classes:/Users/lemanguluzada/Desktop/Assignment01-MatrixMultiplication/java-matrix-multiplication/target/classes:/Users/lemanguluzada/.m2/repository/junit/junit/4.13.2/junit-4.13.2.jar:/Users/lemanguluzada/.m2/repository/org/hamcrest/hamcrest-core/1.3/hamcrest-core-1.3.jar:"/>
    <property name="java.vm.vendor" value="Oracle Corporation"/>
    <property name="sun.arch.data.model" value="64"/>
    <property name="java.vendor.url" value="https://openjdk.java.net/"/>
    <property name="user.timezone" value=""/>
    <property name="java.vm.specification.version" value="11"/>
    <property name="os.name" value="Mac OS X"/>
    <property name="sun.java.launcher" value="SUN_STANDARD"/>
    <property name="user.country" value="AZ"/>
    <property name="sun.boot.library.path" value="/Library/Java/JavaVirtualMachines/jdk-11.0.24.jdk/Contents/Home/lib"/>
    <property name="sun.java.command" value="/Users/lemanguluzada/Desktop/Assignment01-MatrixMultiplication/java-matrix-multiplication/target/surefire/surefirebooter-20241011195547624_3.jar /Users/lemanguluzada/Desktop/Assignment01-MatrixMultiplication/java-matrix-multiplication/target/surefire 2024-10-11T19-55-47_500-jvmRun1 surefire-20241011195547624_1tmp surefire_0-20241011195547624_2tmp"/>
    <property name="http.nonProxyHosts" value="local|*.local|169.254/16|*.169.254/16"/>
    <property name="jdk.debug" value="release"/>
    <property name="surefire.test.class.path" value="/Users/lemanguluzada/Desktop/Assignment01-MatrixMultiplication/java-matrix-multiplication/target/test-classes:/Users/lemanguluzada/Desktop/Assignment01-MatrixMultiplication/java-matrix-multiplication/target/classes:/Users/lemanguluzada/.m2/repository/junit/junit/4.13.2/junit-4.13.2.jar:/Users/lemanguluzada/.m2/repository/org/hamcrest/hamcrest-core/1.3/hamcrest-core-1.3.jar:"/>
    <property name="sun.cpu.endian" value="little"/>
    <property name="user.home" value="/Users/lemanguluzada"/>
    <property name="user.language" value="en"/>
    <property name="java.specification.vendor" value="Oracle Corporation"/>
    <property name="java.version.date" value="2024-07-16"/>
    <property name="java.home" value="/Library/Java/JavaVirtualMachines/jdk-11.0.24.jdk/Contents/Home"/>
    <property name="file.separator" value="/"/>
    <property name="basedir" value="/Users/lemanguluzada/Desktop/Assignment01-MatrixMultiplication/java-matrix-multiplication"/>
    <property name="java.vm.compressedOopsMode" value="Zero based"/>
    <property name="line.separator" value="&#10;"/>
    <property name="java.specification.name" value="Java Platform API Specification"/>
    <property name="java.vm.specification.vendor" value="Oracle Corporation"/>
    <property name="java.awt.graphicsenv" value="sun.awt.CGraphicsEnvironment"/>
    <property name="surefire.real.class.path" value="/Users/lemanguluzada/Desktop/Assignment01-MatrixMultiplication/java-matrix-multiplication/target/surefire/surefirebooter-20241011195547624_3.jar"/>
    <property name="sun.management.compiler" value="HotSpot 64-Bit Tiered Compilers"/>
    <property name="ftp.nonProxyHosts" value="local|*.local|169.254/16|*.169.254/16"/>
    <property name="java.runtime.version" value="11.0.24+7-LTS-271"/>
    <property name="user.name" value="lemanguluzada"/>
    <property name="path.separator" value=":"/>
    <property name="os.version" value="11.7.10"/>
    <property name="java.runtime.name" value="Java(TM) SE Runtime Environment"/>
    <property name="file.encoding" value="UTF-8"/>
    <property name="java.vm.name" value="Java HotSpot(TM) 64-Bit Server VM"/>
    <property name="java.vendor.version" value="18.9"/>
    <property name="localRepository" value="/Users/lemanguluzada/.m2/repository"/>
    <property name="java.vendor.url.bug" value="https://bugreport.java.com/bugreport/"/>
    <property name="java.io.tmpdir" value="/var/folders/f7/q74mxv_j02g9jjs64v45x_tw0000gn/T/"/>
    <property name="java.version" value="11.0.24"/>
    <property name="user.dir" value="/Users/lemanguluzada/Desktop/Assignment01-MatrixMultiplication/java-matrix-multiplication"/>
    <property name="os.arch" value="x86_64"/>
    <property name="java.vm.specification.name" value="Java Virtual Machine Specification"/>
    <property name="java.awt.printerjob" value="sun.lwawt.macosx.CPrinterJob"/>
    <property name="sun.os.patch.level" value="unknown"/>
    <property name="java.library.path" value="/Users/lemanguluzada/Library/Java/Extensions:/Library/Java/Extensions:/Network/Library/Java/Extensions:/System/Library/Java/Extensions:/usr/lib/java:."/>
    <property name="java.vendor" value="Oracle Corporation"/>
    <property name="java.vm.info" value="mixed mode"/>
    <property name="java.vm.version" value="11.0.24+7-LTS-271"/>
    <property name="java.specification.maintenance.version" value="2"/>
    <property name="sun.io.unicode.encoding" value="UnicodeBig"/>
    <property name="java.class.version" value="55.0"/>
    <property name="socksNonProxyHosts" value="local|*.local|169.254/16|*.169.254/16"/>
  </properties>
  <testcase name="testInvalidMultiplication" classname="matrix.assignment.MatrixMultiplicationTest" time="0.003"/>
  <testcase name="testMultiplicationWithZeroMatrix" classname="matrix.assignment.MatrixMultiplicationTest" time="0.0"/>
  <testcase name="testMultiplicationWithIdentityMatrix" classname="matrix.assignment.MatrixMultiplicationTest" time="0.0"/>
  <testcase name="testLargeMatrixMultiplication" classname="matrix.assignment.MatrixMultiplicationTest" time="0.0"/>
  <testcase name="testValidMultiplication" classname="matrix.assignment.MatrixMultiplicationTest" time="0.0"/>
</testsuite>